<?xml version="1.0" encoding="UTF-8" ?>
<testsuite errors="1" failures="0" hostname="impetus-l046" name="com.impetus.octopus.test.ParallelForTest" tests="1" time="0.0" timestamp="2008-05-15T05:35:14">
  <properties>
[...]
</properties>
  <testcase classname="com.impetus.octopus.test.ParallelForTest" name="unknown" time="0.016">
    <error message="Forked Java VM exited abnormally. Please note the time in the report does not reflect the time until the VM exit." type="junit.framework.AssertionFailedError">junit.framework.AssertionFailedError: Forked Java VM exited abnormally. Please note the time in the report does not reflect the time until the VM exit.
</error>
  </testcase>
</testsuite>
